c:\visual studio stuff\pokemon.v8\debug\vc142.pdb
c:\visual studio stuff\pokemon.v8\debug\vc142.idb
c:\visual studio stuff\pokemon.v8\debug\type.obj
c:\visual studio stuff\pokemon.v8\debug\trainer.obj
c:\visual studio stuff\pokemon.v8\debug\pokemon.obj
c:\visual studio stuff\pokemon.v8\debug\move.obj
c:\visual studio stuff\pokemon.v8\debug\main.obj
c:\visual studio stuff\pokemon.v8\debug\item.obj
c:\visual studio stuff\pokemon.v8\debug\battle.obj
c:\visual studio stuff\pokemon.v8\debug\pokemon.v8.exe
c:\visual studio stuff\pokemon.v8\debug\pokemon.v8.ilk
c:\visual studio stuff\pokemon.v8\debug\pokemon.v8.pdb
c:\visual studio stuff\pokemon.v8\debug\nativecodeanalysis.read.1.tlog
c:\visual studio stuff\pokemon.v8\debug\battle.nativecodeanalysis.xml
c:\visual studio stuff\pokemon.v8\debug\item.nativecodeanalysis.xml
c:\visual studio stuff\pokemon.v8\debug\main.nativecodeanalysis.xml
c:\visual studio stuff\pokemon.v8\debug\move.nativecodeanalysis.xml
c:\visual studio stuff\pokemon.v8\debug\pokemon.nativecodeanalysis.xml
c:\visual studio stuff\pokemon.v8\debug\trainer.nativecodeanalysis.xml
c:\visual studio stuff\pokemon.v8\debug\type.nativecodeanalysis.xml
c:\visual studio stuff\pokemon.v8\debug\vc.nativecodeanalysis.all.xml
c:\visual studio stuff\pokemon.v8\debug\pokemon.v8.exe.lastcodeanalysissucceeded
c:\visual studio stuff\pokemon.v8\debug\pokemon.v8.tlog\cl.command.1.tlog
c:\visual studio stuff\pokemon.v8\debug\pokemon.v8.tlog\cl.read.1.tlog
c:\visual studio stuff\pokemon.v8\debug\pokemon.v8.tlog\cl.write.1.tlog
c:\visual studio stuff\pokemon.v8\debug\pokemon.v8.tlog\link.command.1.tlog
c:\visual studio stuff\pokemon.v8\debug\pokemon.v8.tlog\link.read.1.tlog
c:\visual studio stuff\pokemon.v8\debug\pokemon.v8.tlog\link.write.1.tlog
